[18:54:29] [main/ERROR]: Failed to load properties from file: server.properties
[18:54:33] [Server thread/INFO]: Starting minecraft server version 1.14.3
[18:54:33] [Server thread/INFO]: Loading properties
[18:54:33] [Server thread/INFO]: This server is running CraftBukkit version git-Spigot-d05d3c1-fca4157 (MC: 1.14.3) (Implementing API version 1.14.3-R0.1-SNAPSHOT)
[18:54:33] [Server thread/INFO]: Debug logging is disabled
[18:54:33] [Server thread/INFO]: Server Ping Player Sample Count: 12
[18:54:33] [Server thread/INFO]: Using 4 threads for Netty based IO
[18:54:33] [Server thread/INFO]: Default game type: SURVIVAL
[18:54:33] [Server thread/INFO]: Generating keypair
[18:54:34] [Server thread/INFO]: Starting Minecraft server on *:25565
[18:54:34] [Server thread/INFO]: Using default channel type
[18:54:35] [Server thread/INFO]: Preparing level "world"
[18:54:35] [Server thread/INFO]: Found new data pack file/bukkit, loading it automatically
[18:54:35] [Server thread/INFO]: Found new data pack vanilla, loading it automatically
[18:54:35] [Server thread/INFO]: Reloading ResourceManager: Default, bukkit
[18:54:36] [Server thread/INFO]: Loaded 6 recipes
[18:54:36] [Server thread/INFO]: -------- World Settings For [world] --------
[18:54:36] [Server thread/INFO]: Experience Merge Radius: 3.0
[18:54:36] [Server thread/INFO]: Mob Spawn Range: 6
[18:54:36] [Server thread/INFO]: Cactus Growth Modifier: 100%
[18:54:36] [Server thread/INFO]: Cane Growth Modifier: 100%
[18:54:36] [Server thread/INFO]: Melon Growth Modifier: 100%
[18:54:36] [Server thread/INFO]: Mushroom Growth Modifier: 100%
[18:54:36] [Server thread/INFO]: Pumpkin Growth Modifier: 100%
[18:54:36] [Server thread/INFO]: Sapling Growth Modifier: 100%
[18:54:36] [Server thread/INFO]: Beetroot Growth Modifier: 100%
[18:54:36] [Server thread/INFO]: Carrot Growth Modifier: 100%
[18:54:36] [Server thread/INFO]: Potato Growth Modifier: 100%
[18:54:36] [Server thread/INFO]: Wheat Growth Modifier: 100%
[18:54:36] [Server thread/INFO]: NetherWart Growth Modifier: 100%
[18:54:36] [Server thread/INFO]: Vine Growth Modifier: 100%
[18:54:36] [Server thread/INFO]: Cocoa Growth Modifier: 100%
[18:54:36] [Server thread/INFO]: Bamboo Growth Modifier: 100%
[18:54:36] [Server thread/INFO]: SweetBerry Growth Modifier: 100%
[18:54:36] [Server thread/INFO]: Kelp Growth Modifier: 100%
[18:54:36] [Server thread/INFO]: Hopper Transfer: 8 Hopper Check: 1 Hopper Amount: 1
[18:54:36] [Server thread/INFO]: Entity Activation Range: An 32 / Mo 32 / Ra 48 / Mi 16 / Tiv true
[18:54:36] [Server thread/INFO]: Max TNT Explosions: 100
[18:54:36] [Server thread/INFO]: Tile Max Tick Time: 50ms Entity max Tick Time: 50ms
[18:54:36] [Server thread/INFO]: Entity Tracking Range: Pl 48 / An 48 / Mo 48 / Mi 32 / Other 64
[18:54:36] [Server thread/INFO]: View Distance: 10
[18:54:36] [Server thread/INFO]: Item Despawn Rate: 6000
[18:54:36] [Server thread/INFO]: Item Merge Radius: 2.5
[18:54:36] [Server thread/INFO]: Arrow Despawn Rate: 1200
[18:54:36] [Server thread/INFO]: Nerfing mobs spawned from spawners: false
[18:54:36] [Server thread/INFO]: Zombie Aggressive Towards Villager: true
[18:54:36] [Server thread/INFO]: Allow Zombie Pigmen to spawn from portal blocks: true
[18:54:36] [Server thread/INFO]: Custom Map Seeds:  Village: 10387312 Desert: 14357617 Igloo: 14357618 Jungle: 14357619 Swamp: 14357620 Monument: 10387313Ocean: 14357621 Shipwreck: 165745295 Slime: 987234911
[18:54:44] [Server thread/INFO]: -------- World Settings For [world_nether] --------
[18:54:44] [Server thread/INFO]: Experience Merge Radius: 3.0
[18:54:44] [Server thread/INFO]: Mob Spawn Range: 6
[18:54:44] [Server thread/INFO]: Cactus Growth Modifier: 100%
[18:54:44] [Server thread/INFO]: Cane Growth Modifier: 100%
[18:54:44] [Server thread/INFO]: Melon Growth Modifier: 100%
[18:54:44] [Server thread/INFO]: Mushroom Growth Modifier: 100%
[18:54:44] [Server thread/INFO]: Pumpkin Growth Modifier: 100%
[18:54:44] [Server thread/INFO]: Sapling Growth Modifier: 100%
[18:54:44] [Server thread/INFO]: Beetroot Growth Modifier: 100%
[18:54:44] [Server thread/INFO]: Carrot Growth Modifier: 100%
[18:54:44] [Server thread/INFO]: Potato Growth Modifier: 100%
[18:54:44] [Server thread/INFO]: Wheat Growth Modifier: 100%
[18:54:44] [Server thread/INFO]: NetherWart Growth Modifier: 100%
[18:54:44] [Server thread/INFO]: Vine Growth Modifier: 100%
[18:54:44] [Server thread/INFO]: Cocoa Growth Modifier: 100%
[18:54:44] [Server thread/INFO]: Bamboo Growth Modifier: 100%
[18:54:44] [Server thread/INFO]: SweetBerry Growth Modifier: 100%
[18:54:44] [Server thread/INFO]: Kelp Growth Modifier: 100%
[18:54:44] [Server thread/INFO]: Hopper Transfer: 8 Hopper Check: 1 Hopper Amount: 1
[18:54:44] [Server thread/INFO]: Entity Activation Range: An 32 / Mo 32 / Ra 48 / Mi 16 / Tiv true
[18:54:44] [Server thread/INFO]: Max TNT Explosions: 100
[18:54:44] [Server thread/INFO]: Tile Max Tick Time: 50ms Entity max Tick Time: 50ms
[18:54:44] [Server thread/INFO]: Entity Tracking Range: Pl 48 / An 48 / Mo 48 / Mi 32 / Other 64
[18:54:44] [Server thread/INFO]: View Distance: 10
[18:54:44] [Server thread/INFO]: Item Despawn Rate: 6000
[18:54:44] [Server thread/INFO]: Item Merge Radius: 2.5
[18:54:44] [Server thread/INFO]: Arrow Despawn Rate: 1200
[18:54:44] [Server thread/INFO]: Nerfing mobs spawned from spawners: false
[18:54:44] [Server thread/INFO]: Zombie Aggressive Towards Villager: true
[18:54:44] [Server thread/INFO]: Allow Zombie Pigmen to spawn from portal blocks: true
[18:54:44] [Server thread/INFO]: Custom Map Seeds:  Village: 10387312 Desert: 14357617 Igloo: 14357618 Jungle: 14357619 Swamp: 14357620 Monument: 10387313Ocean: 14357621 Shipwreck: 165745295 Slime: 987234911
[18:54:44] [Server thread/INFO]: -------- World Settings For [world_the_end] --------
[18:54:44] [Server thread/INFO]: Experience Merge Radius: 3.0
[18:54:44] [Server thread/INFO]: Mob Spawn Range: 6
[18:54:44] [Server thread/INFO]: Cactus Growth Modifier: 100%
[18:54:44] [Server thread/INFO]: Cane Growth Modifier: 100%
[18:54:44] [Server thread/INFO]: Melon Growth Modifier: 100%
[18:54:44] [Server thread/INFO]: Mushroom Growth Modifier: 100%
[18:54:44] [Server thread/INFO]: Pumpkin Growth Modifier: 100%
[18:54:44] [Server thread/INFO]: Sapling Growth Modifier: 100%
[18:54:44] [Server thread/INFO]: Beetroot Growth Modifier: 100%
[18:54:44] [Server thread/INFO]: Carrot Growth Modifier: 100%
[18:54:44] [Server thread/INFO]: Potato Growth Modifier: 100%
[18:54:44] [Server thread/INFO]: Wheat Growth Modifier: 100%
[18:54:44] [Server thread/INFO]: NetherWart Growth Modifier: 100%
[18:54:44] [Server thread/INFO]: Vine Growth Modifier: 100%
[18:54:44] [Server thread/INFO]: Cocoa Growth Modifier: 100%
[18:54:44] [Server thread/INFO]: Bamboo Growth Modifier: 100%
[18:54:44] [Server thread/INFO]: SweetBerry Growth Modifier: 100%
[18:54:44] [Server thread/INFO]: Kelp Growth Modifier: 100%
[18:54:44] [Server thread/INFO]: Hopper Transfer: 8 Hopper Check: 1 Hopper Amount: 1
[18:54:44] [Server thread/INFO]: Entity Activation Range: An 32 / Mo 32 / Ra 48 / Mi 16 / Tiv true
[18:54:44] [Server thread/INFO]: Max TNT Explosions: 100
[18:54:44] [Server thread/INFO]: Tile Max Tick Time: 50ms Entity max Tick Time: 50ms
[18:54:44] [Server thread/INFO]: Entity Tracking Range: Pl 48 / An 48 / Mo 48 / Mi 32 / Other 64
[18:54:44] [Server thread/INFO]: View Distance: 10
[18:54:44] [Server thread/INFO]: Item Despawn Rate: 6000
[18:54:44] [Server thread/INFO]: Item Merge Radius: 2.5
[18:54:44] [Server thread/INFO]: Arrow Despawn Rate: 1200
[18:54:44] [Server thread/INFO]: Nerfing mobs spawned from spawners: false
[18:54:44] [Server thread/INFO]: Zombie Aggressive Towards Villager: true
[18:54:44] [Server thread/INFO]: Allow Zombie Pigmen to spawn from portal blocks: true
[18:54:44] [Server thread/INFO]: Custom Map Seeds:  Village: 10387312 Desert: 14357617 Igloo: 14357618 Jungle: 14357619 Swamp: 14357620 Monument: 10387313Ocean: 14357621 Shipwreck: 165745295 Slime: 987234911
[18:54:44] [Server thread/INFO]: Preparing start region for dimension 'world'/minecraft:overworld
[18:54:44] [Server-Worker-3/INFO]: Preparing spawn area: 0%
[18:54:44] [Server-Worker-2/INFO]: Preparing spawn area: 0%
[18:54:45] [Server-Worker-3/INFO]: Preparing spawn area: 0%
[18:54:45] [Server-Worker-3/INFO]: Preparing spawn area: 0%
[18:54:46] [Server-Worker-2/INFO]: Preparing spawn area: 1%
[18:54:46] [Server-Worker-2/INFO]: Preparing spawn area: 5%
[18:54:47] [Server-Worker-3/INFO]: Preparing spawn area: 7%
[18:54:47] [Server-Worker-2/INFO]: Preparing spawn area: 11%
[18:54:48] [Server-Worker-1/INFO]: Preparing spawn area: 16%
[18:54:48] [Server-Worker-3/INFO]: Preparing spawn area: 22%
[18:54:49] [Server-Worker-1/INFO]: Preparing spawn area: 31%
[18:54:49] [Server-Worker-1/INFO]: Preparing spawn area: 38%
[18:54:50] [Server-Worker-2/INFO]: Preparing spawn area: 43%
[18:54:50] [Server-Worker-2/INFO]: Preparing spawn area: 43%
[18:54:51] [Server-Worker-3/INFO]: Preparing spawn area: 57%
[18:54:51] [Server-Worker-2/INFO]: Preparing spawn area: 57%
[18:54:52] [Server-Worker-3/INFO]: Preparing spawn area: 63%
[18:54:52] [Server-Worker-1/INFO]: Preparing spawn area: 72%
[18:54:53] [Server-Worker-1/INFO]: Preparing spawn area: 82%
[18:54:53] [Server-Worker-3/INFO]: Preparing spawn area: 88%
[18:54:54] [Server-Worker-1/INFO]: Preparing spawn area: 97%
[18:54:54] [Server thread/INFO]: Time elapsed: 10194 ms
[18:54:54] [Server thread/INFO]: Preparing start region for dimension 'world_nether'/minecraft:the_nether
[18:54:54] [Server-Worker-2/INFO]: Preparing spawn area: 0%
[18:54:54] [Server-Worker-1/INFO]: Preparing spawn area: 0%
[18:54:55] [Server-Worker-1/INFO]: Preparing spawn area: 9%
[18:54:55] [Server-Worker-2/INFO]: Preparing spawn area: 16%
[18:54:56] [Server-Worker-1/INFO]: Preparing spawn area: 26%
[18:54:56] [Server-Worker-1/INFO]: Preparing spawn area: 42%
[18:54:57] [Server-Worker-1/INFO]: Preparing spawn area: 50%
[18:54:57] [Server-Worker-3/INFO]: Preparing spawn area: 67%
[18:54:58] [Server-Worker-1/INFO]: Preparing spawn area: 83%
[18:54:58] [Server-Worker-3/INFO]: Preparing spawn area: 90%
[18:54:59] [Server thread/INFO]: Time elapsed: 4587 ms
[18:54:59] [Server thread/INFO]: Preparing start region for dimension 'world_the_end'/minecraft:the_end
[18:54:59] [Server-Worker-3/INFO]: Preparing spawn area: 0%
[18:54:59] [Server-Worker-3/INFO]: Preparing spawn area: 9%
[18:55:00] [Server-Worker-1/INFO]: Preparing spawn area: 49%
[18:55:00] [Server-Worker-2/INFO]: Preparing spawn area: 98%
[18:55:00] [Server thread/INFO]: Time elapsed: 1512 ms
[18:55:00] [Server thread/INFO]: Done (24.809s)! For help, type "help"
[18:55:27] [Server thread/INFO]: Stopping the server
[18:55:27] [Server thread/INFO]: Stopping server
[18:55:27] [Server thread/INFO]: Saving players
[18:55:27] [Server thread/INFO]: Saving worlds
[18:55:27] [Server thread/INFO]: Saving chunks for level 'world'/minecraft:overworld
[18:55:28] [Server thread/INFO]: ThreadedAnvilChunkStorage (world): All chunks are saved
[18:55:28] [Server thread/INFO]: Saving chunks for level 'world_nether'/minecraft:the_nether
[18:55:29] [Server thread/INFO]: ThreadedAnvilChunkStorage (DIM-1): All chunks are saved
[18:55:29] [Server thread/INFO]: Saving chunks for level 'world_the_end'/minecraft:the_end
[18:55:30] [Server thread/INFO]: ThreadedAnvilChunkStorage (DIM1): All chunks are saved
[18:55:30] [Server thread/INFO]: ThreadedAnvilChunkStorage (world): All chunks are saved
[18:55:30] [Server thread/INFO]: ThreadedAnvilChunkStorage (DIM-1): All chunks are saved
[18:55:30] [Server thread/INFO]: ThreadedAnvilChunkStorage (DIM1): All chunks are saved
